<?xml version="1.0" encoding="UTF-8"?>
<!-- Generated by org.testng.reporters.JUnitReportReporter -->
<testsuite hostname="APHDT20101" failures="0" tests="5" name="com.automation.BlazeDemoHomePageTests" time="62.391" errors="0" timestamp="2021-06-06T07:27:22 IST" skipped="0">
  <testcase classname="com.automation.BlazeDemoHomePageTests" name="TC_002_Departure_City_List_Is_Displayed" time="10.069"/>
  <system-out/>
  <testcase classname="com.automation.BlazeDemoHomePageTests" name="TC_004_Validating_booking_confirmation_id" time="14.897"/>
  <system-out/>
  <testcase classname="com.automation.BlazeDemoHomePageTests" name="TC_002_Destination_Of_The_Week" time="13.027"/>
  <system-out/>
  <testcase classname="com.automation.BlazeDemoHomePageTests" name="TC_003_Destination_City_List_Is_Displayed" time="11.205"/>
  <system-out/>
  <testcase classname="com.automation.BlazeDemoHomePageTests" name="TC_001_Home_Screen_Is_Displayed" time="13.193"/>
  <system-out/>
</testsuite> <!-- com.automation.BlazeDemoHomePageTests -->
